2013-02-12 20:31:22,266 [AUDIT]FloodProtector:199.217.116.159 IP too fast connection attemp. blocked for 2 min
2013-02-12 20:33:45,565 llusion23 got invalid password attemp state
2013-02-12 20:33:49,679 [AUDIT]FloodProtector:79.254.0.29 IP too fast connection attemp. blocked for 2 min
2013-02-12 20:36:10,276 arel1985 got invalid password attemp state
2013-02-12 20:36:14,853 illusion23 got authed state
2013-02-12 20:40:38,408 xana91bln got authed state
2013-02-12 20:41:46,453 marina1960 got authed state
2013-02-12 20:42:20,108 arel1985 got authed state
2013-02-12 20:44:02,340 ceylan1953 got authed state
2013-02-12 20:44:40,483 illusion23 got authed state
2013-02-12 20:48:46,932 starz1992 got invalid password attemp state
2013-02-12 20:48:51,980 starz1992 got authed state
2013-02-12 20:52:02,078 xxdastanxx15 got authed state
2013-02-12 20:53:19,654 sissifee got authed state
2013-02-12 20:54:25,048 bella got authed state
2013-02-12 20:55:26,202 jdc got invalid password attemp state
2013-02-12 20:55:26,430 sephir2000 got invalid password attemp state
2013-02-12 20:55:34,973 sephir2000 got authed state
2013-02-12 20:57:25,186 jdc got invalid password attemp state
2013-02-12 20:59:19,958 jdc got authed state
2013-02-12 21:01:49,110 starz1992 got authed state
2013-02-12 21:07:02,879 illusion24 got authed state
2013-02-12 21:08:16,987 derdudeausd2 got authed state
2013-02-12 21:18:18,619 marina1960 got authed state
2013-02-12 21:18:22,432 ceylan1953 got authed state
2013-02-12 21:18:30,823 bella got authed state
2013-02-12 21:20:52,173 jdc got authed state
2013-02-12 21:21:11,781 derdudeausd2 got authed state
2013-02-12 21:21:13,490 xana91bln got authed state
2013-02-12 21:21:21,218 illusion23 got authed state
2013-02-12 21:21:29,349 sissifee got invalid password attemp state
2013-02-12 21:21:39,398 sissifee got authed state
2013-02-12 21:21:51,255 starz456 got authed state
2013-02-12 21:21:59,077 sephir2000 got authed state
2013-02-12 21:22:06,655 bella got authed state
2013-02-12 21:22:23,992 illusion24 got authed state
2013-02-12 21:23:25,960 xxdastanxx15 got invalid password attemp state
2013-02-12 21:23:30,366 xxdastanxx15 got authed state
2013-02-12 21:25:17,614 marina1960 got unknown (ALREADY_LOGGED_IN) attemp state
2013-02-12 21:26:04,656 ceylan1953 got authed state
2013-02-12 21:26:50,083 marina1960 got authed state
2013-02-12 21:29:43,988 jdc got authed state
2013-02-12 21:36:57,189 padde1995 got invalid password attemp state
2013-02-12 21:37:04,008 padde1995 got invalid password attemp state
2013-02-12 21:38:20,274 padde1995 got invalid password attemp state
2013-02-12 21:41:17,346 padde1995 got authed state
2013-02-12 22:18:24,358 rakara got authed state
2013-02-12 22:31:07,509 jdc got authed state
2013-02-12 22:31:55,717 jdc1 got authed state
2013-02-12 22:48:59,201 starz456 got authed state
2013-02-12 22:59:55,996 ibits got invalid password attemp state
2013-02-12 23:00:03,803 ibits got invalid password attemp state
2013-02-12 23:00:10,758 ibitsu got invalid password attemp state
2013-02-12 23:10:32,926 illusion24 got authed state
2013-02-12 23:13:15,379 ibits got invalid password attemp state
2013-02-12 23:14:44,983 ibits got authed state
2013-02-12 23:22:21,961 jdc1 got authed state
2013-02-12 23:34:58,630 ibits got authed state
2013-02-13 05:35:35,340 marina1960 got authed state
2013-02-13 05:46:43,371 xlancelotx got invalid password attemp state
2013-02-13 05:46:49,861 xlancelotx got invalid password attemp state
2013-02-13 05:46:58,346 xlancelotx got invalid password attemp state
2013-02-13 05:47:04,298 xlancelotx got invalid password attemp state
2013-02-13 05:47:25,833 xlancerx got invalid password attemp state
2013-02-13 05:50:28,222 xlancelotx got invalid password attemp state
2013-02-13 05:52:37,082 xlancelotx got authed state
2013-02-13 06:25:24,615 mikaki6 got authed state
2013-02-13 07:21:23,942 ceylan1953 got authed state
2013-02-13 07:30:06,493 cliou got invalid password attemp state
2013-02-13 07:30:11,703 cliou got authed state
2013-02-13 09:22:01,688 jdc1 got authed state
2013-02-13 09:36:56,176 illusion24 got authed state
2013-02-13 09:41:13,932 derdudeausd2 got authed state
2013-02-13 11:12:52,185 diena got invalid password attemp state
2013-02-13 12:27:24,396 nasko9207 got invalid password attemp state
2013-02-13 12:27:30,462 nasko9207 got invalid password attemp state
2013-02-13 12:27:35,761 nasko9207 got invalid password attemp state
2013-02-13 12:27:40,743 nasko9207 got invalid password attemp state
2013-02-13 12:28:00,284 nasko9206 got invalid password attemp state
2013-02-13 12:28:07,320 nasko9207 got invalid password attemp state
2013-02-13 12:28:41,639 nasko9206 got invalid password attemp state
2013-02-13 12:29:01,505 jinzo_3@abv.bg got invalid password attemp state
2013-02-13 12:31:23,323 diena got authed state
2013-02-13 13:02:01,902 diena got authed state
2013-02-13 13:14:23,117 marina1960 got authed state
2013-02-13 13:45:00,042 bella got invalid password attemp state
2013-02-13 13:45:10,193 bella got authed state
2013-02-13 13:56:45,396 illusion24 got authed state
2013-02-13 14:03:16,275 jdc got authed state
2013-02-13 14:37:34,184 derdudeausd2 got authed state
2013-02-13 14:38:01,197 marina1960 got authed state
2013-02-13 14:40:09,166 ceylan1953 got authed state
2013-02-13 15:13:02,329 cliou got authed state
2013-02-13 15:24:07,501 rakara got authed state
2013-02-13 16:03:08,836 ibits got authed state
2013-02-13 16:04:06,474 illusion24 got authed state
2013-02-13 16:13:45,127 starz456 got authed state
2013-02-13 16:42:45,494 ibits got authed state
2013-02-13 16:57:17,176 xana91bln got authed state
2013-02-13 17:06:50,142 derdudeausd2 got authed state
2013-02-13 17:09:37,566 sephir2000 got authed state
2013-02-13 17:11:11,811 illusion23 got authed state
2013-02-13 18:00:17,470 diena got authed state
2013-02-13 18:10:26,969 xana91bln got authed state
2013-02-13 18:16:44,461 peccatori got invalid password attemp state
2013-02-13 18:17:00,504 peccatori got authed state
2013-02-13 18:29:51,157 marina1960 got authed state
2013-02-13 18:46:17,958 starz456 got authed state
2013-02-13 18:47:27,041 taneki got authed state
2013-02-13 19:07:43,721 jdc got authed state
2013-02-13 19:09:04,383 jdc1 got authed state
2013-02-13 19:10:46,145 mikaki6 got authed state
2013-02-13 19:16:46,199 ibits got authed state
2013-02-13 19:26:20,723 derdudeausd2 got authed state
2013-02-13 19:29:18,000 mahlcom got invalid password attemp state
2013-02-13 19:29:21,273 [AUDIT]FloodProtector:79.220.53.29 IP too fast connection attemp. blocked for 2 min
2013-02-13 19:30:22,527 easininja got invalid password attemp state
2013-02-13 19:31:59,200 mahlcom got authed state
2013-02-13 19:43:53,953 peccatori got authed state
2013-02-13 19:45:27,138 diena got authed state
2013-02-13 20:53:57,375 bella got authed state
2013-02-13 20:55:43,771 sissifee got authed state
2013-02-13 20:59:42,718 illusion23 got authed state
2013-02-13 21:02:29,720 illusion24 got authed state
2013-02-13 21:53:40,993 menzerio got authed state
2013-02-13 21:59:15,174 maikman74 got authed state
2013-02-13 22:00:22,749 menzerio got authed state
2013-02-13 22:07:48,343 time97 got invalid password attemp state
2013-02-13 22:07:52,571 [AUDIT]FloodProtector:79.248.37.156 IP too fast connection attemp. blocked for 2 min
2013-02-13 22:10:11,072 starz456 got authed state
2013-02-13 22:11:15,567 killer got invalid password attemp state
2013-02-13 22:11:26,904 tim got invalid password attemp state
2013-02-13 22:11:32,203 tim got invalid password attemp state
2013-02-13 22:21:17,266 killers1997 got authed state
2013-02-13 22:32:15,029 killers1997 got authed state
2013-02-13 22:32:20,555 starz456 got authed state
2013-02-13 22:51:39,935 mahlcom got authed state
2013-02-13 23:58:43,145 izel got authed state
2013-02-14 00:11:15,088 pamplona92 got authed state
2013-02-14 00:13:26,476 peccatori got authed state
2013-02-14 00:23:05,416 pamplona92 got unknown (ALREADY_LOGGED_IN) attemp state
2013-02-14 00:23:14,184 pamplona92 got authed state
2013-02-14 00:32:24,268 pamplona92 got unknown (ALREADY_LOGGED_IN) attemp state
2013-02-14 00:32:30,991 pamplona92 got authed state
2013-02-14 01:32:20,049 killers1997 got authed state
2013-02-14 05:23:01,566 ceylan1953 got authed state
2013-02-14 06:15:36,502 marina1960 got authed state
2013-02-14 06:38:17,392 sunrice got invalid password attemp state
2013-02-14 06:38:32,132 sunrice got invalid password attemp state
2013-02-14 06:54:55,002 diena got authed state
2013-02-14 07:01:48,893 diena got authed state
2013-02-14 07:10:01,437 diena got authed state
2013-02-14 08:28:12,458 mikaki6 got authed state
2013-02-14 09:06:09,476 derdudeausd2 got authed state
2013-02-14 09:12:01,421 abbajazzo got invalid password attemp state
2013-02-14 09:12:10,251 abbajazzo got invalid password attemp state
2013-02-14 09:12:19,776 abbajazzo got invalid password attemp state
2013-02-14 09:12:24,789 abbajazzo got invalid password attemp state
2013-02-14 09:12:35,420 abbajazzo got invalid password attemp state
2013-02-14 09:12:39,636 abbajazzo got invalid password attemp state
2013-02-14 09:12:55,295 janever got invalid password attemp state
2013-02-14 09:16:35,311 abbajazzo got invalid password attemp state
2013-02-14 09:16:39,629 abbajazzo got invalid password attemp state
2013-02-14 09:20:35,908 abbajazzo got authed state
2013-02-14 09:22:43,140 anthrax971 got authed state
2013-02-14 09:30:35,577 maikman74 got authed state
2013-02-14 09:36:19,284 rakara got authed state
2013-02-14 09:37:19,744 harald3388 got invalid password attemp state
2013-02-14 09:39:57,417 harald3388 got authed state
2013-02-14 09:45:55,318 jdc1 got authed state
2013-02-14 09:50:13,838 harald3388 got authed state
2013-02-14 10:32:57,682 harald3388 got authed state
2013-02-14 11:12:17,344 marina1960 got authed state
2013-02-14 11:18:32,840 harald3388 got authed state
2013-02-14 11:28:06,980 nanessa got authed state
2013-02-14 12:00:04,502 killers1997 got authed state
2013-02-14 12:15:37,521 derdudeausd2 got authed state
2013-02-14 12:26:02,322 nanessa got authed state
2013-02-14 12:33:52,191 harald3388 got authed state
2013-02-14 12:52:46,625 harald3388 got authed state
2013-02-14 13:57:47,329 peccatori got authed state
2013-02-14 14:30:03,234 sissifee got invalid password attemp state
2013-02-14 14:30:11,197 sissifee got authed state
2013-02-14 14:33:49,228 vink1 got invalid password attemp state
2013-02-14 14:37:05,383 vink1 got authed state
2013-02-14 14:48:09,595 illusion24 got authed state
2013-02-14 15:00:32,384 jdc got authed state
2013-02-14 15:02:14,987 marina1960 got authed state
2013-02-14 15:03:21,442 bella got authed state
2013-02-14 15:13:12,685 jdc1 got authed state
2013-02-14 15:17:06,132 gotcha got authed state
2013-02-14 15:58:30,561 ayima got invalid password attemp state
2013-02-14 15:58:37,831 ayima got invalid password attemp state
2013-02-14 15:59:57,283 ayima got invalid password attemp state
2013-02-14 16:00:04,532 ayima got invalid password attemp state
2013-02-14 16:00:24,847 avacan got invalid password attemp state
2013-02-14 16:00:35,049 ayima got invalid password attemp state
2013-02-14 16:02:38,588 taneki got authed state
2013-02-14 16:13:27,982 starz456 got authed state
2013-02-14 16:38:07,082 raijken got invalid password attemp state
2013-02-14 16:39:45,305 raijken33 got authed state
2013-02-14 16:49:05,343 jdc got authed state
2013-02-14 16:51:37,343 illusion23 got authed state
2013-02-14 17:10:26,397 merlin got invalid password attemp state
2013-02-14 17:10:34,201 twich got invalid password attemp state
2013-02-14 17:13:27,904 stars got authed state
2013-02-14 17:50:01,913 padde1995 got authed state
2013-02-14 18:39:14,633 ibits got authed state
2013-02-14 18:44:15,120 ischtar got authed state
2013-02-14 19:06:29,334 maikman74 got authed state
2013-02-14 19:14:22,319 derdudeausd2 got authed state
2013-02-14 19:31:41,956 killers1997 got authed state
2013-02-14 19:32:52,595 harald3388 got authed state
2013-02-14 19:36:40,966 bella got authed state
2013-02-14 19:47:44,693 starz456 got authed state
2013-02-14 19:49:34,488 illusion23 got authed state
2013-02-14 19:50:20,978 janfriedrich got invalid password attemp state
2013-02-14 19:51:22,586 sissifee got authed state
2013-02-14 19:52:40,758 teufelchen666 got authed state
2013-02-14 20:02:05,457 icebabe got invalid password attemp state
2013-02-14 20:09:03,896 icebabe got authed state
2013-02-14 20:15:07,517 arel1985 got authed state
2013-02-14 20:23:58,735 nanessa got authed state
2013-02-14 20:26:28,577 raijken33 got authed state
2013-02-14 20:37:09,071 starz1992 got authed state
2013-02-14 20:54:52,931 ibits got authed state
2013-02-14 21:07:42,401 starz456 got authed state
2013-02-14 21:10:30,641 peccatori got authed state
2013-02-14 21:19:03,825 rakara got authed state
2013-02-14 21:25:57,280 diena got authed state
2013-02-14 21:34:41,964 maikman74 got authed state
2013-02-14 21:44:14,756 illusion24 got authed state
2013-02-14 22:18:16,373 derdudeausd2 got authed state
2013-02-14 22:18:29,651 rakara got authed state
2013-02-14 22:47:23,762 padde1995 got authed state
2013-02-14 22:54:06,998 illusion23 got authed state
2013-02-14 23:04:44,188 icebabe got authed state
2013-02-14 23:23:26,472 diena got authed state
2013-02-15 00:59:47,705 atera got invalid password attemp state
2013-02-15 01:04:32,008 manta got authed state
2013-02-15 01:05:22,251 pecctori got invalid password attemp state
2013-02-15 01:05:31,427 pecctori got invalid password attemp state
2013-02-15 01:05:46,715 pecctori got invalid password attemp state
2013-02-15 01:06:10,744 peccatori got authed state
2013-02-15 01:59:14,626 mikaki6 got authed state
2013-02-15 02:20:02,502 illusion24 got authed state
2013-02-15 02:43:31,232 mikaki6 got authed state
2013-02-15 06:11:05,830 marina1960 got authed state
2013-02-15 06:36:18,507 ceylan1953 got authed state
2013-02-15 07:10:49,817 marina1960 got authed state
2013-02-15 08:23:49,170 rakara got authed state
2013-02-15 09:44:23,397 rakara got authed state
2013-02-15 10:52:30,131 harald3388 got authed state
2013-02-15 10:52:53,982 rakara got authed state
2013-02-15 12:19:53,221 harald3388 got authed state
2013-02-15 13:15:14,425 starz456 got authed state
2013-02-15 13:17:07,356 ibits got authed state
2013-02-15 13:22:27,013 vink1 got authed state
2013-02-15 13:27:12,343 icebabe got authed state
2013-02-15 13:45:00,857 nanessa got authed state
2013-02-15 13:48:24,578 illusion24 got authed state
2013-02-15 14:31:02,395 diena got authed state
2013-02-15 15:00:09,683 nanessa got authed state
2013-02-15 15:10:42,496 rakara got authed state
2013-02-15 15:27:41,215 marina1960 got authed state
2013-02-15 15:30:34,134 ceylan1953 got authed state
2013-02-15 16:01:14,720 icebabe got authed state
2013-02-15 16:55:12,005 harald3388 got authed state
2013-02-15 17:11:48,936 icebabe got authed state
2013-02-15 17:16:19,152 starz456 got authed state
2013-02-15 17:26:40,974 illusion23 got authed state
2013-02-15 18:00:51,874 ibits got authed state
2013-02-15 18:07:42,577 ibits got authed state
2013-02-15 18:13:16,416 illusion24 got authed state
2013-02-15 18:33:33,534 illusion24 got authed state
2013-02-15 18:54:59,113 derdudeausd2 got authed state
2013-02-15 19:09:19,033 peccatori got authed state
2013-02-15 19:40:01,367 ceylan1953 got authed state
2013-02-15 20:14:55,549 marina1960 got authed state
2013-02-15 20:54:07,656 ceylan1953 got authed state
2013-02-15 21:11:46,071 lanuit got invalid password attemp state
2013-02-15 21:11:55,604 lanuit got invalid password attemp state
2013-02-15 21:25:37,317 lanuit got authed state
2013-02-15 21:42:56,267 waldemar10 got invalid password attemp state
2013-02-15 21:43:13,769 waldemar10 got invalid password attemp state
2013-02-15 21:43:31,165 waldemar10 got invalid password attemp state
2013-02-15 21:43:44,395 waldemar10 got invalid password attemp state
2013-02-15 21:44:12,037 waldemar got invalid password attemp state
2013-02-15 21:49:52,789 waldemar10 got invalid password attemp state
2013-02-15 21:56:12,691 waldemar7655 got invalid password attemp state
2013-02-15 21:56:40,653 waldemar7655 got invalid password attemp state
2013-02-15 21:57:43,884 waldemar7555 got invalid password attemp state
2013-02-15 21:57:57,897 waldemar7655 got invalid password attemp state
2013-02-15 21:58:10,074 waldemar7655 got invalid password attemp state
2013-02-15 21:58:47,417 waldmar7655 got invalid password attemp state
2013-02-15 21:59:26,222 waldmar7655 got invalid password attemp state
2013-02-15 22:00:58,776 lanuit got authed state
2013-02-15 22:09:12,261 marina1960 got authed state
2013-02-15 22:20:31,210 waldemar10 got invalid password attemp state
2013-02-15 22:21:24,692 waldemar10 got invalid password attemp state
2013-02-15 22:21:37,429 waldmar10 got invalid password attemp state
2013-02-15 22:25:07,373 waldmaremil got invalid password attemp state
2013-02-15 22:27:42,159 waldmaremil got invalid password attemp state
2013-02-15 22:28:04,158 waldemaremil got invalid password attemp state
2013-02-15 22:28:19,103 waldemaremil got invalid password attemp state
2013-02-15 22:28:48,530 waldemaremil got invalid password attemp state
2013-02-15 22:29:01,226 waldemaremil got invalid password attemp state
2013-02-15 22:29:35,437 waldemaremil got invalid password attemp state
2013-02-15 22:34:54,558 waldemaremil got invalid password attemp state
2013-02-15 22:35:03,950 waldemaremil got invalid password attemp state
2013-02-15 22:35:12,826 waldemaremil got invalid password attemp state
2013-02-15 22:35:42,392 waldemar11 got invalid password attemp state
2013-02-15 22:39:33,083 waldemar11 got invalid password attemp state
2013-02-15 23:31:48,400 diena got authed state
2013-02-15 23:58:50,096 diena got authed state
2013-02-16 00:03:31,938 diena got authed state
2013-02-16 00:17:40,008 illusion24 got authed state
2013-02-16 00:17:51,012 lanuit got authed state
2013-02-16 00:37:16,700 waldemar10 got authed state
2013-02-16 00:38:50,245 waldemare10 got invalid password attemp state
2013-02-16 00:39:07,230 waldemar10 got authed state
2013-02-16 00:44:47,410 waldemar10 got unknown (ALREADY_LOGGED_IN) attemp state
2013-02-16 00:44:57,642 waldemar10 got authed state
2013-02-16 00:47:18,326 waldemar10 got unknown (ALREADY_LOGGED_IN) attemp state
2013-02-16 00:47:37,993 waldemar10 got authed state
2013-02-16 00:50:26,848 illusion24 got authed state
2013-02-16 00:53:03,057 waldemar10 got authed state
2013-02-16 01:02:05,675 ibits got authed state
2013-02-16 01:21:36,259 illusion23 got authed state
2013-02-16 01:22:24,371 peccatori got authed state
2013-02-16 01:23:02,027 waldemar10 got unknown (ALREADY_LOGGED_IN) attemp state
2013-02-16 01:23:10,634 waldemar10 got authed state
2013-02-16 01:26:40,269 waldemar10 got unknown (ALREADY_LOGGED_IN) attemp state
2013-02-16 01:26:48,982 waldemar10 got authed state
2013-02-16 01:31:28,186 waldemar10 got unknown (ALREADY_LOGGED_IN) attemp state
2013-02-16 01:31:37,378 waldemar10 got authed state
2013-02-16 01:38:15,072 illusion23 got authed state
2013-02-16 05:17:17,649 ceylan1953 got authed state
2013-02-16 08:43:35,379 marina1960 got authed state
2013-02-16 09:31:31,680 rakara got authed state
2013-02-16 09:58:14,960 teak got authed state
2013-02-16 10:28:27,671 ceylan1953 got authed state
2013-02-16 10:39:09,985 teak got authed state
2013-02-16 10:53:02,815 starz456 got authed state
2013-02-16 11:19:18,682 ibits got authed state
2013-02-16 11:48:09,413 marina1960 got authed state
2013-02-16 12:07:40,030 teak got authed state
2013-02-16 12:12:02,479 ibits got authed state
2013-02-16 12:12:02,688 teak got authed state
2013-02-16 12:15:32,203 teak got authed state
2013-02-16 12:19:15,983 teak got authed state
2013-02-16 12:30:50,101 teak got authed state
2013-02-16 12:35:05,447 teak got authed state
2013-02-16 12:53:33,479 teak got authed state
2013-02-16 12:58:44,382 sissifee got authed state
2013-02-16 13:12:35,662 teak got authed state
2013-02-16 13:50:16,483 sakura got authed state
2013-02-16 14:04:43,906 marina1960 got authed state
2013-02-16 14:18:17,219 izel1909 got invalid password attemp state
2013-02-16 14:18:24,036 izel got authed state
2013-02-16 14:20:01,204 sissifee got authed state
2013-02-16 14:38:31,181 derdudeausd2 got authed state
2013-02-16 14:44:39,907 derdudeausd2 got authed state
2013-02-16 14:53:17,801 padde1995 got authed state
2013-02-16 15:09:47,312 bella got authed state
2013-02-16 15:19:36,840 marina1960 got authed state
2013-02-16 15:21:53,615 ceylan1953 got authed state
2013-02-16 15:24:15,472 illusion24 got authed state
2013-02-16 15:57:21,814 derdudeausd2 got authed state
2013-02-16 16:14:10,900 peccatori got invalid password attemp state
2013-02-16 16:14:18,846 peccatori got authed state
2013-02-16 16:14:25,745 lanuit got authed state
2013-02-16 16:22:29,397 ceylan1953 got authed state
2013-02-16 16:48:20,985 teak got authed state
2013-02-16 16:48:23,189 mikaki6 got authed state
2013-02-16 16:51:08,086 teak got authed state
2013-02-16 16:56:31,417 teak got authed state
2013-02-16 17:04:19,317 teak got authed state
2013-02-16 17:11:45,513 teak got authed state
2013-02-16 17:24:48,939 teak got authed state
2013-02-16 17:37:17,421 teak got authed state
2013-02-16 17:40:02,031 ilusion23 got invalid password attemp state
2013-02-16 17:40:07,840 ilusion23 got invalid password attemp state
2013-02-16 17:40:16,733 illusion23 got authed state
2013-02-16 17:41:03,928 teak got authed state
2013-02-16 17:43:58,774 teak got authed state
2013-02-16 17:50:29,248 teak got authed state
2013-02-16 17:54:17,616 teak got authed state
2013-02-16 18:28:25,600 illusion23 got authed state
2013-02-16 18:47:08,422 ceylan1953 got authed state
2013-02-16 19:17:35,064 nachtschatten got authed state
2013-02-16 19:54:41,715 teak got invalid password attemp state
2013-02-16 19:54:58,259 teak got authed state
2013-02-16 19:58:52,859 teak got authed state
2013-02-16 20:11:19,260 teak got authed state
2013-02-16 20:17:32,025 starz456 got authed state
2013-02-16 20:24:16,246 peccatori got authed state
2013-02-16 20:38:19,999 maikman74 got authed state
2013-02-16 21:59:56,831 lanuit got authed state
2013-02-16 22:17:36,344 teak got authed state
2013-02-16 22:19:53,197 rakara got authed state
2013-02-16 22:39:23,266 diena got authed state
2013-02-16 22:54:02,055 illusion23 got authed state
2013-02-16 22:59:48,429 teufelchen666 got authed state
2013-02-16 23:25:57,394 illusion23 got authed state
2013-02-16 23:29:22,218 illusion24 got authed state
2013-02-16 23:31:22,690 rakara got authed state
2013-02-16 23:31:37,725 lanuit got authed state
2013-02-16 23:33:50,485 maikman74 got authed state
2013-02-16 23:42:06,170 starz456 got authed state
2013-02-16 23:47:44,073 illusion23 got authed state
2013-02-16 23:47:58,496 lanuit got authed state
2013-02-16 23:48:57,843 peccatori got authed state
2013-02-17 00:06:00,185 peccatori got authed state
2013-02-17 00:06:26,974 waldemar10 got unknown (ALREADY_LOGGED_IN) attemp state
2013-02-17 00:06:36,797 waldemar10 got authed state
2013-02-17 00:32:27,970 diena got authed state
2013-02-17 00:34:59,333 diena got authed state
2013-02-17 06:50:40,085 ibits got authed state
2013-02-17 08:18:05,481 marina1960 got authed state
2013-02-17 08:41:45,370 harald3388 got authed state
2013-02-17 08:43:32,510 waldemar10 got authed state
2013-02-17 09:05:24,580 starz456 got authed state
2013-02-17 09:38:43,042 peccatori got authed state
2013-02-17 09:43:07,040 icebabe got authed state
2013-02-17 09:44:34,480 harald3388 got authed state
2013-02-17 09:48:57,939 teak got authed state
2013-02-17 10:04:14,922 ceylan1953 got authed state
2013-02-17 11:28:42,908 cheshirecat got authed state
2013-02-17 11:30:48,685 mikaki6 got authed state
2013-02-17 12:18:51,559 cheshirecat got authed state
2013-02-17 12:39:03,213 derdudeausd2 got authed state
2013-02-17 12:51:46,571 starz456 got authed state
2013-02-17 12:51:59,132 harald3388 got authed state
2013-02-17 13:11:16,104 ibits got authed state
2013-02-17 13:23:50,855 cheshirecat got authed state
2013-02-17 13:36:37,973 illusion24 got authed state
2013-02-17 14:17:40,616 littlepandax got authed state
2013-02-17 14:30:11,368 illusion23 got authed state
2013-02-17 15:17:03,548 illusion24 got authed state
2013-02-17 15:28:14,743 cheshirecat got authed state
2013-02-17 15:42:36,542 sissifee got authed state
2013-02-17 16:00:49,941 lanuit got authed state
2013-02-17 16:11:17,340 peccatori got authed state
2013-02-17 16:25:06,217 harald388 got invalid password attemp state
2013-02-17 16:25:16,658 harald3388 got authed state
2013-02-17 16:45:44,350 jelleftw got authed state
2013-02-17 16:59:29,016 teak got authed state
2013-02-17 17:11:18,141 littlepandax got authed state
2013-02-17 17:32:22,004 nanessa got authed state
2013-02-17 17:44:25,120 jelleftw got authed state
2013-02-17 17:51:19,845 derdudeausd2 got authed state
2013-02-17 18:12:54,153 teufelchen666 got authed state
2013-02-17 18:16:11,571 jdc1 got authed state
2013-02-17 18:16:16,382 illusion23 got authed state
2013-02-17 18:34:28,996 menzerio got invalid password attemp state
2013-02-17 18:34:33,822 menzerio got authed state
2013-02-17 18:40:21,208 harald3388 got authed state
2013-02-17 19:03:09,455 teak got authed state
2013-02-17 19:14:49,881 rakara got authed state
2013-02-17 19:16:44,500 cheshirecat got authed state
2013-02-17 19:19:49,166 illusion23 got authed state
2013-02-17 19:20:32,419 menzerio got authed state
2013-02-17 19:22:48,505 bella got authed state
2013-02-17 19:22:59,376 harald3388 got authed state
2013-02-17 19:32:40,599 rakara got authed state
2013-02-17 19:51:16,321 vink1 got authed state
2013-02-17 19:51:21,776 harald3388 got unknown (ALREADY_LOGGED_IN) attemp state
2013-02-17 19:51:29,274 harald3388 got authed state
2013-02-17 19:54:44,716 waldemar10 got authed state
2013-02-17 19:59:41,165 cheshirecat got authed state
2013-02-17 20:24:38,653 maikman74 got authed state
2013-02-17 21:01:07,460 izel1909 got invalid password attemp state
2013-02-17 21:01:11,190 izel got unknown (ALREADY_LOGGED_IN) attemp state
2013-02-17 21:01:14,546 izel got authed state
2013-02-17 21:05:44,134 ceylan1953 got authed state
2013-02-17 21:08:14,728 izel got unknown (ALREADY_LOGGED_IN) attemp state
2013-02-17 21:08:19,465 izel got authed state
2013-02-17 21:09:30,731 teufelchen666 got authed state
2013-02-17 21:15:45,232 izel got unknown (ALREADY_LOGGED_IN) attemp state
2013-02-17 21:15:48,124 izel got authed state
2013-02-17 21:22:53,716 illusion23 got authed state
2013-02-17 21:26:33,107 diena got authed state
2013-02-17 21:35:09,414 lanuit got authed state
2013-02-17 22:14:28,439 starz1992 got authed state
2013-02-17 22:31:33,891 jdc1 got authed state
2013-02-17 22:39:03,116 jdc1 got authed state
2013-02-17 22:39:13,520 illusion24 got authed state
2013-02-17 22:43:14,900 jdc1 got authed state
2013-02-17 22:46:56,435 maikman74 got authed state
2013-02-17 22:53:41,642 illusion23 got authed state
2013-02-17 23:18:34,595 maikman74 got authed state
2013-02-18 00:33:10,382 diena got authed state
2013-02-18 00:35:22,755 waldemar10 got authed state
2013-02-18 03:33:39,113 waldemar10 got authed state
2013-02-18 04:59:49,489 ceylan1953 got authed state
2013-02-18 05:34:33,727 marina1960 got authed state
2013-02-18 06:12:46,026 marina1960 got authed state
2013-02-18 06:13:47,592 ceylan1953 got authed state
2013-02-18 06:40:30,103 marina1960 got authed state
2013-02-18 07:51:40,966 ibits got authed state
2013-02-18 09:18:28,719 harald3388 got authed state
2013-02-18 09:19:58,658 waldemar10 got authed state
2013-02-18 09:45:00,753 ceylan1953 got authed state
2013-02-18 10:05:40,058 derdudeausd2 got authed state
2013-02-18 10:15:17,374 starz456 got authed state
2013-02-18 10:29:41,456 sakura got authed state
2013-02-18 10:30:13,500 nachtschatten got authed state
2013-02-18 10:33:51,553 ceylan1953 got authed state
2013-02-18 10:56:41,666 menzerio got authed state
2013-02-18 11:16:12,496 teak got authed state
2013-02-18 11:30:35,415 nachtschatten got authed state
2013-02-18 11:50:55,242 mahlcom got authed state
2013-02-18 12:03:52,103 teak got authed state
2013-02-18 13:08:36,531 illusion24 got authed state
2013-02-18 14:03:00,826 starz456 got authed state
2013-02-18 14:03:28,728 teak got authed state
2013-02-18 14:08:24,244 kritikitty got authed state
2013-02-18 14:10:25,657 nachtschatten got authed state
2013-02-18 14:20:55,114 illusion23 got authed state
2013-02-18 14:41:29,263 starz1992 got authed state
2013-02-18 15:01:29,336 marina1960 got authed state
2013-02-18 15:01:57,385 ceylan1953 got authed state
2013-02-18 15:03:18,573 jdc1 got authed state
2013-02-18 15:32:22,092 ibits got authed state
2013-02-18 15:39:59,595 cheshirecat got authed state
2013-02-18 15:42:27,066 starz456 got authed state
2013-02-18 15:57:34,428 vink1 got authed state
2013-02-18 16:06:36,560 mahlcom got invalid password attemp state
2013-02-18 16:06:40,220 mahlcom got authed state
2013-02-18 16:10:12,454 vink1 got authed state
2013-02-18 16:12:56,788 illusion24 got authed state
2013-02-18 16:15:18,106 illusion23 got authed state
2013-02-18 16:33:46,213 kritikitty got authed state
2013-02-18 16:49:09,807 rakara got authed state
2013-02-18 16:50:31,722 derdudeausd2 got authed state
2013-02-18 17:27:10,192 ceylan1953 got authed state
2013-02-18 17:27:32,583 teak got authed state
2013-02-18 17:42:38,278 stars got authed state
2013-02-18 17:43:51,515 illusion24 got authed state
2013-02-18 17:49:37,784 marina1960 got authed state
2013-02-18 17:51:40,215 jdc1 got authed state
2013-02-18 17:53:34,313 vink1 got authed state
2013-02-18 17:55:10,055 jdc1 got authed state
2013-02-18 17:59:42,656 illusion23 got authed state
2013-02-18 18:15:29,155 sakura got authed state
2013-02-18 18:42:47,079 ceylan1953 got authed state
2013-02-18 18:43:08,681 marina1960 got authed state
2013-02-18 18:48:39,821 nachtschatten got authed state
2013-02-18 19:10:09,629 lanuit got authed state
2013-02-18 19:51:30,760 waldemar10 got authed state
2013-02-18 20:06:04,148 maikman74 got authed state
2013-02-18 20:14:28,917 illusion24 got authed state
2013-02-18 20:29:20,619 peccatori got authed state
2013-02-18 22:00:49,323 jdc1 got authed state
2013-02-18 22:21:47,978 kritikitty got authed state
2013-02-18 22:25:14,736 lanuit got authed state
2013-02-18 23:29:27,332 ibits got authed state
2013-02-18 23:33:59,820 ibits got authed state
2013-02-18 23:45:58,405 waaldemar10 got invalid password attemp state
2013-02-18 23:46:17,318 waldemar10 got authed state
2013-02-18 23:46:19,236 diena got authed state
2013-02-19 00:52:39,369 diena got authed state
2013-02-19 01:20:27,645 diena got authed state
2013-02-19 06:32:36,210 marina1960 got authed state
2013-02-19 06:51:38,955 ceylan1953 got authed state
2013-02-19 08:40:15,401 scribe got authed state
2013-02-19 08:46:28,546 scribe got unknown (ALREADY_LOGGED_IN) attemp state
2013-02-19 08:46:33,898 scribe got authed state
2013-02-19 08:59:24,081 scribe got unknown (ALREADY_LOGGED_IN) attemp state
2013-02-19 08:59:27,880 scribe got authed state
2013-02-19 09:25:21,666 scribe got unknown (ALREADY_LOGGED_IN) attemp state
2013-02-19 09:25:26,471 scribe got authed state
2013-02-19 09:54:49,384 ibits got authed state
2013-02-19 09:59:26,924 cerberus7 got authed state
2013-02-19 11:16:53,174 lanuit got authed state
2013-02-19 11:25:29,113 leonardleo got authed state
2013-02-19 11:40:48,602 mahlcom got invalid password attemp state
2013-02-19 11:40:51,569 [AUDIT]FloodProtector:79.220.49.170 IP too fast connection attemp. blocked for 2 min
2013-02-19 11:49:14,529 derdudeausd2 got authed state
2013-02-19 11:51:22,759 mahlcom got authed state
2013-02-19 12:20:13,926 maikman74 got authed state
2013-02-19 12:22:19,717 mikaki6 got authed state
2013-02-19 12:28:43,767 lanuit got invalid password attemp state
2013-02-19 12:28:50,057 lanuit got authed state
2013-02-19 12:59:09,879 ceylan1953 got authed state
2013-02-19 13:52:07,887 harald3388 got authed state
2013-02-19 13:55:17,047 illusion24 got authed state
2013-02-19 14:06:41,242 jdc1 got authed state
2013-02-19 14:22:34,116 ceylan1953 got authed state
2013-02-19 14:41:05,207 ibits got authed state
2013-02-19 14:57:19,902 jdc1 got authed state
2013-02-19 15:01:24,953 marina1960 got authed state
2013-02-19 15:02:17,942 jdc got authed state
2013-02-19 15:09:26,998 sakura got authed state
2013-02-19 15:12:12,621 nachtschatten got authed state
2013-02-19 15:25:04,977 rakara got authed state
2013-02-19 15:46:18,665 peccatori got authed state
2013-02-19 15:48:43,129 kritikitty got authed state
2013-02-19 16:23:38,442 mahlcom got authed state
2013-02-19 17:18:45,379 stars got invalid password attemp state
2013-02-19 17:18:49,351 stars got authed state
2013-02-19 17:25:07,744 cheshirecat got authed state
2013-02-19 17:25:49,242 stars got authed state
2013-02-19 17:39:41,046 peccatori got authed state
2013-02-19 17:40:10,444 marina1960 got authed state
2013-02-19 17:45:33,187 jelleftw got authed state
2013-02-19 17:50:01,047 cheshirecat got authed state
2013-02-19 18:07:49,780 cheshirecat got authed state
2013-02-19 18:26:31,824 illusion23 got authed state
2013-02-19 18:28:27,609 ibits got authed state
2013-02-19 18:28:29,118 illusion24 got authed state
2013-02-19 18:29:00,472 teak got invalid password attemp state
2013-02-19 18:29:07,660 teak got authed state
2013-02-19 18:38:11,221 illusion23 got authed state
2013-02-19 18:38:54,490 menzerio got authed state
2013-02-19 18:57:25,804 jelleftw got authed state
2013-02-19 19:44:22,682 maikman74 got authed state
2013-02-19 19:59:41,683 jelleftw got authed state
2013-02-19 20:20:06,846 peccatori got invalid password attemp state
2013-02-19 20:20:13,591 peccatori got authed state
2013-02-19 20:27:59,251 mahlcom got authed state
2013-02-19 20:29:16,223 rakara got authed state
2013-02-19 21:23:08,120 teak got authed state
2013-02-19 21:28:09,678 illusion23 got authed state
2013-02-19 21:28:24,996 cheshirecat got authed state
2013-02-19 21:33:24,944 marina1960 got authed state
2013-02-19 21:33:31,202 ceylan1953 got authed state
2013-02-19 21:33:37,626 rakara got authed state
2013-02-19 21:34:00,623 cheshirecat got authed state
2013-02-19 21:36:25,258 ceylan1953 got authed state
2013-02-19 21:36:43,528 illusion24 got authed state
2013-02-19 21:36:51,881 marina1960 got authed state
2013-02-19 21:37:18,128 rakara got unknown (ALREADY_LOGGED_IN) attemp state
2013-02-19 21:37:23,156 rakara got authed state
2013-02-19 21:38:00,187 groobby1971 got invalid password attemp state
2013-02-19 21:38:18,410 groobby1971 got invalid password attemp state
2013-02-19 21:40:22,312 jdc1 got authed state
2013-02-19 21:40:36,605 mahlcom got authed state
2013-02-19 21:42:44,403 groobby1971 got authed state
2013-02-19 21:44:15,769 derdudeausd2 got authed state
2013-02-19 21:45:16,522 teak got authed state
2013-02-19 21:45:17,641 peccatori got authed state
2013-02-19 22:18:50,631 illusion23 got authed state
2013-02-19 22:29:11,573 ceylan1953 got authed state
2013-02-19 22:55:36,331 peccatori got authed state
2013-02-19 23:04:53,394 mahlcom got authed state
2013-02-19 23:05:47,776 lanuit got authed state
2013-02-20 00:06:09,233 illusion24 got authed state
2013-02-20 03:20:51,487 diena got authed state
2013-02-20 07:32:54,872 marina1960 got authed state
2013-02-20 08:26:17,643 mahlcom got authed state
2013-02-20 10:41:56,098 derdudeausd2 got authed state
2013-02-20 11:20:37,435 elyosandcloser8 got authed state
2013-02-20 12:13:17,194 maniacsusu got authed state
2013-02-20 12:51:32,831 ceylan1953 got authed state
2013-02-20 12:56:09,539 mahlcom got authed state
2013-02-20 13:26:24,703 mikaki6 got authed state
2013-02-20 14:08:11,630 diena got authed state
2013-02-20 14:48:49,981 rakara got authed state
2013-02-20 15:00:47,604 marina1960 got authed state
2013-02-20 15:07:01,014 menzerio got authed state
2013-02-20 15:18:14,016 scribe got unknown (ALREADY_LOGGED_IN) attemp state
2013-02-20 15:18:19,064 scribe got authed state
2013-02-20 15:23:30,362 illusion24 got authed state
2013-02-20 15:37:57,920 sissifee got authed state
2013-02-20 16:00:52,910 jelleftw got authed state
2013-02-20 16:23:21,422 teak got authed state
2013-02-20 16:35:26,830 illusion23 got authed state
2013-02-20 16:35:53,166 cheshirecat got authed state
2013-02-20 16:54:03,225 wagreymon got authed state
2013-02-20 16:57:04,584 wagreymon got unknown (ALREADY_LOGGED_IN) attemp state
2013-02-20 17:02:42,537 wagreymon got authed state
2013-02-20 17:19:48,424 teak got authed state
2013-02-20 17:21:50,360 jelleftw got authed state
2013-02-20 17:27:41,239 ibits got authed state
2013-02-20 17:41:44,635 jelleftw got authed state
2013-02-20 18:06:47,123 mahlcom got authed state
2013-02-20 18:11:39,772 stars got authed state
2013-02-20 18:18:53,548 wagreymon got unknown (ALREADY_LOGGED_IN) attemp state
2013-02-20 18:19:03,203 wagreymon got authed state
2013-02-20 18:23:13,265 wagreymon got unknown (ALREADY_LOGGED_IN) attemp state
2013-02-20 18:23:19,810 wagreymon got authed state
2013-02-20 18:32:17,056 wagreymon got unknown (ALREADY_LOGGED_IN) attemp state
2013-02-20 18:32:24,459 wagreymon got authed state
2013-02-20 18:46:00,553 jdc1 got authed state
2013-02-20 19:02:06,742 rakara got authed state
2013-02-20 19:05:34,686 illusion24 got authed state
2013-02-20 19:05:34,942 maikman74 got authed state
2013-02-20 19:09:45,080 illusion24 got authed state
2013-02-20 19:27:52,404 jelleftw got authed state
2013-02-20 19:30:21,477 jdc got authed state
2013-02-20 19:38:00,004 leonardleo got authed state
2013-02-20 20:04:47,680 waldemar10 got authed state
2013-02-20 20:08:09,713 illusion23 got authed state
2013-02-20 20:12:43,606 mikaki6 got authed state
2013-02-20 20:13:30,250 teufelchen666 got authed state
2013-02-20 20:15:50,440 erdudeausd2 got invalid password attemp state
2013-02-20 20:16:00,896 derdudeausd2 got authed state
2013-02-20 20:25:49,765 mahlcom got authed state
2013-02-20 20:27:40,414 pachi got authed state
2013-02-20 20:46:03,373 peccatori got authed state
2013-02-20 21:08:33,353 mahlcom got authed state
2013-02-20 21:09:56,734 starz456 got authed state
2013-02-20 21:11:27,269 peccatori got authed state
2013-02-20 22:27:23,064 derdudeausd2 got authed state
2013-02-20 22:42:31,506 mahlcom got authed state
2013-02-20 22:43:26,880 illusion23 got authed state
2013-02-20 23:39:16,559 elyosandcrows8 got invalid password attemp state
2013-02-20 23:39:26,395 elyosandcrows8 got invalid password attemp state
2013-02-20 23:39:35,885 elyosandcrows8 got invalid password attemp state
2013-02-20 23:39:58,850 elyosandcrows8 got invalid password attemp state
2013-02-20 23:40:09,644 elyosandcrows8 got invalid password attemp state
2013-02-20 23:40:29,710 elyosandcrows8 got invalid password attemp state
2013-02-20 23:40:36,091 elyosandcrows8 got invalid password attemp state
2013-02-20 23:41:02,113 elyosandcrows8 got invalid password attemp state
2013-02-20 23:41:46,038 elyosandcrows8 got invalid password attemp state
2013-02-20 23:44:10,190 elyosandcloser8 got authed state
2013-02-20 23:49:35,702 lanuit got authed state
2013-02-21 00:08:18,674 illusion23 got authed state
2013-02-21 00:16:00,203 maniacsusu got authed state
2013-02-21 00:23:31,430 elyosandcloser1 got invalid password attemp state
2013-02-21 00:23:37,644 elyosandcloser1 got invalid password attemp state
2013-02-21 00:23:48,463 elyosandcloser8 got authed state
2013-02-21 00:29:22,716 illusion23 got authed state
2013-02-21 01:00:27,127 teufelchen666 got authed state
2013-02-21 01:36:04,583 illusion23 got authed state
2013-02-21 01:52:28,812 illusion23 got authed state
2013-02-21 01:58:47,901 illusion23 got authed state
2013-02-21 02:02:02,932 illusion23 got unknown (ALREADY_LOGGED_IN) attemp state
2013-02-21 02:02:07,817 illusion23 got authed state
2013-02-21 02:07:01,244 illusion23 got authed state
2013-02-21 02:20:47,802 illusion23 got authed state
2013-02-21 02:28:06,144 illusion23 got authed state
2013-02-21 02:32:52,411 illusion23 got authed state
2013-02-21 06:11:58,896 anthrax971 got authed state
2013-02-21 07:41:30,678 ceylan1953 got authed state
2013-02-21 09:19:28,971 elyosandcloser1 got invalid password attemp state
2013-02-21 09:19:43,646 elyosandcloser8 got authed state
2013-02-21 09:24:31,512 maniacsusu got authed state
2013-02-21 09:41:06,670 elyosandcloser8 got authed state
2013-02-21 09:45:29,866 marina1960 got authed state
2013-02-21 10:38:12,806 mikaki6 got authed state
2013-02-21 10:45:15,296 groobby1971 got authed state
2013-02-21 11:00:07,243 maniacsusu got authed state
2013-02-21 11:07:26,156 nanessa got authed state
2013-02-21 11:37:55,549 derdudeausd2 got authed state
2013-02-21 12:09:24,548 cerberus7 got authed state
2013-02-21 12:44:41,333 mahlcom got authed state
2013-02-21 12:53:51,777 marina1960 got authed state
2013-02-21 12:59:12,953 cheshirecat got authed state
2013-02-21 13:28:52,781 illusion24 got authed state
2013-02-21 13:33:54,137 illusion23 got authed state
2013-02-21 14:11:49,377 harald3388 got authed state
2013-02-21 14:20:19,104 harald3388 got authed state
2013-02-21 14:28:48,628 cerberus7 got authed state
2013-02-21 14:49:57,069 deadsteel got authed state
2013-02-21 14:50:22,940 derdudeausd2 got authed state
2013-02-21 14:50:59,323 jdc1 got authed state
2013-02-21 14:57:27,342 illusion23 got authed state
2013-02-21 15:06:50,515 stars got invalid password attemp state
2013-02-21 15:06:56,249 stars got authed state
2013-02-21 15:08:33,638 deadsteel got authed state
2013-02-21 15:18:09,248 harald3388 got authed state
2013-02-21 15:29:25,192 jdc got authed state
